<?xml version="1.0" encoding="UTF-8"?>
<!-- Generated by org.testng.reporters.JUnitReportReporter -->
<testsuite hostname="DESKTOP-LKTEIC3" failures="0" tests="1" name="com.rest.api.DELETE.DeleteAPIs" time="5.765" errors="0" timestamp="2020-12-13T16:56:35 IST" skipped="0">
  <testcase classname="com.rest.api.DELETE.DeleteAPIs" name="delateApiTest" time="5.765"/>
  <system-out/>
</testsuite> <!-- com.rest.api.DELETE.DeleteAPIs -->
