<?xml version="1.0" encoding="UTF-8"?>
<!-- Generated by org.testng.reporters.JUnitReportReporter -->
<testsuite hostname="DESKTOP-LKTEIC3" failures="0" tests="1" name="resspecBuilder.ResponsesSpecBuilderTest" time="2.936" errors="0" timestamp="2020-12-11T11:36:39 IST" skipped="0">
  <testcase classname="resspecBuilder.ResponsesSpecBuilderTest" name="BadReqTest" time="2.936"/>
  <system-out/>
</testsuite> <!-- resspecBuilder.ResponsesSpecBuilderTest -->
