<?xml version="1.0" encoding="UTF-8"?>
<!-- Generated by org.testng.reporters.JUnitReportReporter -->
<testsuite hostname="DESKTOP-LKTEIC3" failures="0" tests="1" name="com.rest.api.XML.GetResponseXML" time="3.672" errors="0" timestamp="2020-12-14T18:43:40 IST" skipped="0">
  <testcase classname="com.rest.api.XML.GetResponseXML" name="getResponseXML" time="3.672"/>
  <system-out/>
</testsuite> <!-- com.rest.api.XML.GetResponseXML -->
