<?xml version="1.0" encoding="UTF-8"?>
<!-- Generated by org.testng.reporters.JUnitReportReporter -->
<testsuite hostname="DESKTOP-LKTEIC3" failures="0" tests="1" name="com.api.rest.PUT.NonBddApi" time="4.937" errors="0" timestamp="2020-12-13T22:47:25 IST" skipped="0">
  <testcase classname="com.api.rest.PUT.NonBddApi" name="getNonBddQueryWithHasMap" time="4.937"/>
  <system-out/>
</testsuite> <!-- com.api.rest.PUT.NonBddApi -->
