<?xml version="1.0" encoding="UTF-8"?>
<!-- Generated by org.testng.reporters.JUnitReportReporter -->
<testsuite hostname="DESKTOP-LKTEIC3" failures="0" tests="1" name="com.rest.api.authentications.AuthAPIs" time="7.488" errors="0" timestamp="2020-12-13T21:26:03 IST" skipped="0">
  <testcase classname="com.rest.api.authentications.AuthAPIs" name="basicAuthApiTest5" time="7.488"/>
  <system-out/>
</testsuite> <!-- com.rest.api.authentications.AuthAPIs -->
