<?xml version="1.0" encoding="UTF-8"?>
<!-- Generated by org.testng.reporters.JUnitReportReporter -->
<testsuite hostname="DESKTOP-LKTEIC3" failures="0" tests="1" name="com.rest.api.schema.CheckSchemaTest" time="4.559" errors="0" timestamp="2020-12-12T00:44:46 IST" skipped="0">
  <testcase classname="com.rest.api.schema.CheckSchemaTest" name="booking_Schema_Test" time="4.559"/>
  <system-out/>
</testsuite> <!-- com.rest.api.schema.CheckSchemaTest -->
