<?xml version="1.0" encoding="UTF-8"?>
<!-- Generated by org.testng.reporters.JUnitReportReporter -->
<testsuite hostname="DESKTOP-LKTEIC3" failures="0" tests="1" name="com.rest.api.schema.CheckSchemaTest_GET" time="4.984" errors="0" timestamp="2020-12-12T01:21:27 IST" skipped="0">
  <testcase classname="com.rest.api.schema.CheckSchemaTest_GET" name="getSchemaTest" time="4.984"/>
  <system-out/>
</testsuite> <!-- com.rest.api.schema.CheckSchemaTest_GET -->
