<?xml version="1.0" encoding="UTF-8"?>
<!-- Generated by org.testng.reporters.JUnitReportReporter -->
<testsuite hostname="DESKTOP-LKTEIC3" failures="0" tests="1" name="com.rest.api.authentications.OAuth2" time="5.534" errors="0" timestamp="2020-12-10T23:21:54 IST" skipped="0">
  <testcase classname="com.rest.api.authentications.OAuth2" name="OAuth2GetToken" time="5.534"/>
  <system-out/>
</testsuite> <!-- com.rest.api.authentications.OAuth2 -->
