<?xml version="1.0" encoding="UTF-8"?>
<!-- Generated by org.testng.reporters.JUnitReportReporter -->
<testsuite hostname="DESKTOP-LKTEIC3" failures="0" tests="1" name="com.rest.api.POST.PostWithPojo" time="4.958" errors="0" timestamp="2020-12-13T14:19:46 IST" skipped="0">
  <testcase classname="com.rest.api.POST.PostWithPojo" name="createUserWithPojoTest" time="4.958"/>
  <system-out/>
</testsuite> <!-- com.rest.api.POST.PostWithPojo -->
