<?xml version="1.0" encoding="UTF-8"?>
<!-- Generated by org.testng.reporters.JUnitReportReporter -->
<testsuite hostname="DESKTOP-LKTEIC3" failures="0" tests="1" name="com.api.rest.PUT.PutAPI" time="6.658" errors="0" timestamp="2020-12-13T15:26:44 IST" skipped="0">
  <testcase classname="com.api.rest.PUT.PutAPI" name="createUserWithPojoTest11" time="6.658"/>
  <system-out/>
</testsuite> <!-- com.api.rest.PUT.PutAPI -->
