<?xml version="1.0" encoding="UTF-8"?>
<!-- Generated by org.testng.reporters.JUnitReportReporter -->
<testsuite hostname="DESKTOP-LKTEIC3" failures="0" tests="7" name="com.rest.api.get.GET_BDD_API" time="8.604" errors="0" timestamp="2020-12-10T04:25:30 IST" skipped="0">
  <testcase classname="com.rest.api.get.GET_BDD_API" name="getAPITCirciuitest2" time="0.675"/>
  <system-out/>
  <testcase classname="com.rest.api.get.GET_BDD_API" name="getJsonApitest1" time="0.672"/>
  <system-out/>
  <testcase classname="com.rest.api.get.GET_BDD_API" name="getAPITCirciuitest3" time="0.618"/>
  <system-out/>
  <testcase classname="com.rest.api.get.GET_BDD_API" name="getcircutePerYear" time="0.643"/>
  <system-out/>
  <testcase classname="com.rest.api.get.GET_BDD_API" name="getcircutePerYear" time="0.608"/>
  <system-out/>
  <testcase classname="com.rest.api.get.GET_BDD_API" name="getAPITCirciuitest1" time="4.708"/>
  <system-out/>
  <testcase classname="com.rest.api.get.GET_BDD_API" name="getcircutePerYear" time="0.680"/>
  <system-out/>
</testsuite> <!-- com.rest.api.get.GET_BDD_API -->
